<?xml version="1.0" encoding="utf-8"?><testsuites name="pytest tests"><testsuite name="pytest" errors="0" failures="0" skipped="0" tests="26" time="0.108" timestamp="2026-08-20T14:23:22.770646+00:00" hostname="vm"><testcase classname="capability_dispatch.tests.test_dispatch_matrix.TestDispatch001ValidIntake" name="test_provenance_preserved" time="0.007" /><testcase classname="capability_dispatch.tests.test_dispatch_matrix.TestDispatch001ValidIntake" name="test_uncertainty_preserved_verbatim" time="0.002" /><testcase classname="capability_dispatch.tests.test_dispatch_matrix.TestDispatch002MisleadingExtension" name="test_ingest_refuses_non_json_content_regardless_of_extension" time="0.001" /><testcase classname="capability_dispatch.tests.test_dispatch_matrix.TestDispatch002MisleadingExtension" name="test_jpeg_named_png_detected_by_content" time="0.001" /><testcase classname="capability_dispatch.tests.test_dispatch_matrix.TestDispatch002MisleadingExtension" name="test_png_named_json_detected_by_content" time="0.000" /><testcase classname="capability_dispatch.tests.test_dispatch_matrix.TestDispatch003MissingProblemStatement" name="test_halts_with_named_reason" time="0.003" /><testcase classname="capability_dispatch.tests.test_dispatch_matrix.TestDispatch004MissingSuccessMetric" name="test_halts_with_named_reason" time="0.002" /><testcase classname="capability_dispatch.tests.test_dispatch_matrix.TestDispatch005AmbiguousIdentity" name="test_shortlink_candidate_blocked_never_selected" time="0.002" /><testcase classname="capability_dispatch.tests.test_dispatch_matrix.TestDispatch005AmbiguousIdentity" name="test_shortlink_candidate_is_ambiguous_not_verified" time="0.002" /><testcase classname="capability_dispatch.tests.test_dispatch_matrix.TestDispatch005AmbiguousIdentity" name="test_shortlink_candidate_never_authorized_for_installation" time="0.002" /><testcase classname="capability_dispatch.tests.test_dispatch_matrix.TestDispatch006MissingAuthority" name="test_same_candidate_proceeds_once_authority_granted" time="0.002" /><testcase classname="capability_dispatch.tests.test_dispatch_matrix.TestDispatch006MissingAuthority" name="test_technically_viable_candidate_blocked_without_authority" time="0.002" /><testcase classname="capability_dispatch.tests.test_dispatch_matrix.TestDispatch007DuplicateCapability" name="test_functional_duplicate_receives_duplicate_disposition" time="0.002" /><testcase classname="capability_dispatch.tests.test_dispatch_matrix.TestDispatch007DuplicateCapability" name="test_star_count_never_influences_disposition" time="0.002" /><testcase classname="capability_dispatch.tests.test_dispatch_matrix.TestDispatch008UnsafeExecutionSurface" name="test_reversible_bounded_surface_not_blocked_on_this_ground" time="0.002" /><testcase classname="capability_dispatch.tests.test_dispatch_matrix.TestDispatch008UnsafeExecutionSurface" name="test_unbounded_surface_blocked" time="0.002" /><testcase classname="capability_dispatch.tests.test_dispatch_matrix.TestDispatch009ValidSandboxProbe" name="test_fully_qualified_candidate_reaches_sandbox_probe" time="0.002" /><testcase classname="capability_dispatch.tests.test_dispatch_matrix.TestDispatch009ValidSandboxProbe" name="test_no_installation_authority_checklist_is_ever_satisfied" time="0.002" /><testcase classname="capability_dispatch.tests.test_dispatch_matrix.TestDispatch009ValidSandboxProbe" name="test_sandbox_probe_never_implies_production_promotion" time="0.003" /><testcase classname="capability_dispatch.tests.test_dispatch_matrix.TestDispatch010SmallestSufficientSet" name="test_registry_already_covering_requirement_needs_no_candidate" time="0.003" /><testcase classname="capability_dispatch.tests.test_dispatch_matrix.TestDispatch010SmallestSufficientSet" name="test_selected_set_does_not_grow_beyond_what_is_required" time="0.003" /><testcase classname="capability_dispatch.tests.test_dispatch_matrix.TestDispatch011EvidenceStateIntegrity" name="test_freshly_ingested_candidates_start_unverified" time="0.002" /><testcase classname="capability_dispatch.tests.test_dispatch_matrix.TestDispatch011EvidenceStateIntegrity" name="test_no_function_can_set_identity_verified_without_evidence" time="0.002" /><testcase classname="capability_dispatch.tests.test_dispatch_matrix.TestDispatch011EvidenceStateIntegrity" name="test_overlap_analysis_refuses_unverified_candidates" time="0.002" /><testcase classname="capability_dispatch.tests.test_dispatch_matrix.TestDispatch012RoutingLearning" name="test_learning_never_grants_authority_or_promotion" time="0.004" /><testcase classname="capability_dispatch.tests.test_dispatch_matrix.TestDispatch012RoutingLearning" name="test_learning_record_is_append_only" time="0.004" /></testsuite></testsuites>